Using pre-set license
Built from '2021.3/staging' branch; Version is '2021.3.7f1 (24e8595d6d43) revision 2418777'; Using compiler version '192829333'; Build Type 'Release'
OS: 'Windows 10  (10.0.19044) 64bit Core' Language: 'en' Physical Memory: 32637 MB
BatchMode: 1, IsHumanControllingUs: 0, StartBugReporterOnCrash: 0, Is64bit: 1, IsPro: 1

COMMAND LINE ARGUMENTS:
C:\Program Files\Unity\Hub\Editor\2021.3.7f1\Editor\Unity.exe
-adb2
-batchMode
-noUpm
-name
AssetImportWorker11
-projectPath
C:/Users/ADMIN/Documents/GitHub/Explosion_Implusion/Project_Explosion
-logFile
Logs/AssetImportWorker11.log
-srvPort
59590
Successfully changed project path to: C:/Users/ADMIN/Documents/GitHub/Explosion_Implusion/Project_Explosion
C:/Users/ADMIN/Documents/GitHub/Explosion_Implusion/Project_Explosion
[UnityMemory] Configuration Parameters - Can be set up in boot.config
    "memorysetup-bucket-allocator-granularity=16"
    "memorysetup-bucket-allocator-bucket-count=8"
    "memorysetup-bucket-allocator-block-size=33554432"
    "memorysetup-bucket-allocator-block-count=8"
    "memorysetup-main-allocator-block-size=16777216"
    "memorysetup-thread-allocator-block-size=16777216"
    "memorysetup-gfx-main-allocator-block-size=16777216"
    "memorysetup-gfx-thread-allocator-block-size=16777216"
    "memorysetup-cache-allocator-block-size=4194304"
    "memorysetup-typetree-allocator-block-size=2097152"
    "memorysetup-profiler-bucket-allocator-granularity=16"
    "memorysetup-profiler-bucket-allocator-bucket-count=8"
    "memorysetup-profiler-bucket-allocator-block-size=33554432"
    "memorysetup-profiler-bucket-allocator-block-count=8"
    "memorysetup-profiler-allocator-block-size=16777216"
    "memorysetup-profiler-editor-allocator-block-size=1048576"
    "memorysetup-temp-allocator-size-main=16777216"
    "memorysetup-job-temp-allocator-block-size=2097152"
    "memorysetup-job-temp-allocator-block-size-background=1048576"
    "memorysetup-job-temp-allocator-reduction-small-platforms=262144"
    "memorysetup-temp-allocator-size-background-worker=32768"
    "memorysetup-temp-allocator-size-job-worker=262144"
    "memorysetup-temp-allocator-size-preload-manager=33554432"
    "memorysetup-temp-allocator-size-nav-mesh-worker=65536"
    "memorysetup-temp-allocator-size-audio-worker=65536"
    "memorysetup-temp-allocator-size-cloud-worker=32768"
    "memorysetup-temp-allocator-size-gi-baking-worker=262144"
    "memorysetup-temp-allocator-size-gfx=262144"
Refreshing native plugins compatible for Editor in 108.89 ms, found 3 plugins.
Preloading 0 native plugins for Editor in 0.00 ms.
Initialize engine version: 2021.3.7f1 (24e8595d6d43)
[Subsystems] Discovering subsystems at path C:/Program Files/Unity/Hub/Editor/2021.3.7f1/Editor/Data/Resources/UnitySubsystems
[Subsystems] Discovering subsystems at path C:/Users/ADMIN/Documents/GitHub/Explosion_Implusion/Project_Explosion/Assets
GfxDevice: creating device client; threaded=0; jobified=0
Direct3D:
    Version:  Direct3D 11.0 [level 11.1]
    Renderer: NVIDIA GeForce RTX 3060 (ID=0x2503)
    Vendor:   NVIDIA
    VRAM:     12129 MB
    Driver:   31.0.15.2698
Initialize mono
Mono path[0] = 'C:/Program Files/Unity/Hub/Editor/2021.3.7f1/Editor/Data/Managed'
Mono path[1] = 'C:/Program Files/Unity/Hub/Editor/2021.3.7f1/Editor/Data/MonoBleedingEdge/lib/mono/unityjit-win32'
Mono config path = 'C:/Program Files/Unity/Hub/Editor/2021.3.7f1/Editor/Data/MonoBleedingEdge/etc'
Using monoOptions --debugger-agent=transport=dt_socket,embedding=1,server=y,suspend=n,address=127.0.0.1:56852
Begin MonoManager ReloadAssembly
Registering precompiled unity dll's ...
Register platform support module: C:/Program Files/Unity/Hub/Editor/2021.3.7f1/Editor/Data/PlaybackEngines/WindowsStandaloneSupport/UnityEditor.WindowsStandalone.Extensions.dll
Registered in 0.005590 seconds.
Native extension for WindowsStandalone target not found
Refreshing native plugins compatible for Editor in 91.24 ms, found 3 plugins.
Preloading 0 native plugins for Editor in 0.00 ms.
Mono: successfully reloaded assembly
- Completed reload, in  0.543 seconds
Domain Reload Profiling:
	ReloadAssembly (543ms)
		BeginReloadAssembly (71ms)
			ExecutionOrderSort (0ms)
			DisableScriptedObjects (0ms)
			BackupInstance (0ms)
			ReleaseScriptingObjects (0ms)
			CreateAndSetChildDomain (1ms)
		EndReloadAssembly (381ms)
			LoadAssemblies (69ms)
			RebuildTransferFunctionScriptingTraits (0ms)
			SetupTypeCache (86ms)
			ReleaseScriptCaches (0ms)
			RebuildScriptCaches (24ms)
			SetupLoadedEditorAssemblies (229ms)
				LogAssemblyErrors (0ms)
				InitializePlatformSupportModulesInManaged (6ms)
				SetLoadedEditorAssemblies (0ms)
				RefreshPlugins (91ms)
				BeforeProcessingInitializeOnLoad (1ms)
				ProcessInitializeOnLoadAttributes (96ms)
				ProcessInitializeOnLoadMethodAttributes (35ms)
				AfterProcessingInitializeOnLoad (0ms)
				EditorAssembliesLoaded (0ms)
			ExecutionOrderSort2 (0ms)
			AwakeInstancesAfterBackupRestoration (0ms)
Platform modules already initialized, skipping
Registering precompiled user dll's ...
Registered in 0.005449 seconds.
Begin MonoManager ReloadAssembly
Symbol file LoadedFromMemory doesn't match image C:\Users\ADMIN\Documents\GitHub\Explosion_Implusion\Project_Explosion\Library\PackageCache\com.unity.visualscripting@1.7.8\Editor\VisualScripting.Core\Dependencies\YamlDotNet\Unity.VisualScripting.YamlDotNet.dll
Symbol file LoadedFromMemory doesn't match image C:\Users\ADMIN\Documents\GitHub\Explosion_Implusion\Project_Explosion\Library\PackageCache\com.unity.visualscripting@1.7.8\Editor\VisualScripting.Core\Dependencies\DotNetZip\Unity.VisualScripting.IonicZip.dll
Native extension for WindowsStandalone target not found
Refreshing native plugins compatible for Editor in 0.77 ms, found 3 plugins.
Preloading 0 native plugins for Editor in 0.00 ms.
Mono: successfully reloaded assembly
- Completed reload, in  0.888 seconds
Domain Reload Profiling:
	ReloadAssembly (889ms)
		BeginReloadAssembly (91ms)
			ExecutionOrderSort (0ms)
			DisableScriptedObjects (5ms)
			BackupInstance (0ms)
			ReleaseScriptingObjects (0ms)
			CreateAndSetChildDomain (16ms)
		EndReloadAssembly (701ms)
			LoadAssemblies (70ms)
			RebuildTransferFunctionScriptingTraits (0ms)
			SetupTypeCache (225ms)
			ReleaseScriptCaches (1ms)
			RebuildScriptCaches (45ms)
			SetupLoadedEditorAssemblies (328ms)
				LogAssemblyErrors (0ms)
				InitializePlatformSupportModulesInManaged (4ms)
				SetLoadedEditorAssemblies (0ms)
				RefreshPlugins (1ms)
				BeforeProcessingInitializeOnLoad (87ms)
				ProcessInitializeOnLoadAttributes (197ms)
				ProcessInitializeOnLoadMethodAttributes (32ms)
				AfterProcessingInitializeOnLoad (6ms)
				EditorAssembliesLoaded (0ms)
			ExecutionOrderSort2 (0ms)
			AwakeInstancesAfterBackupRestoration (5ms)
Platform modules already initialized, skipping
========================================================================
Worker process is ready to serve import requests
Launched and connected shader compiler UnityShaderCompiler.exe after 0.04 seconds
Refreshing native plugins compatible for Editor in 0.77 ms, found 3 plugins.
Preloading 0 native plugins for Editor in 0.00 ms.
Unloading 4040 Unused Serialized files (Serialized files now loaded: 0)
Unloading 44 unused Assets / (1.4 MB). Loaded Objects now: 4497.
Memory consumption went from 225.4 MB to 224.0 MB.
Total: 3.163800 ms (FindLiveObjects: 0.342900 ms CreateObjectMapping: 0.282400 ms MarkObjects: 2.187600 ms  DeleteObjects: 0.350300 ms)

AssetImportParameters requested are different than current active one (requested -> active):
  custom:video-decoder-ogg-theora: a1e56fd34408186e4bbccfd4996cb3dc -> 
  custom:container-muxer-webm: aa71ff27fc2769a1b78a27578f13a17b -> 
  custom:container-demuxer-webm: 4f35f7cbe854078d1ac9338744f61a02 -> 
  custom:video-encoder-webm-vp8: eb34c28f22e8b96e1ab97ce403110664 -> 
  custom:audio-encoder-webm-vorbis: bf7c407c2cedff20999df2af8eb42d56 -> 
  custom:framework-win-MediaFoundation: 216162199b28c13a410421893ffa2e32 -> 
  custom:container-demuxer-ogg: 62fdf1f143b41e24485cea50d1cbac27 -> 
  custom:video-decoder-webm-vp8: 9c59270c3fd7afecdb556c50c9e8de78 -> 
  custom:audio-decoder-ogg-vorbis: bf7c407c2cedff20999df2af8eb42d56 -> 
========================================================================
Received Import Request.
  Time since last request: 513816.926676 seconds.
  path: Assets/Scenes/911.unity
  artifactKey: Guid(24041f1bea4de2a46a7ed2d7ca6c0697) Importer(815301076,1909f56bfc062723c751e8b465ee728b)
Start importing Assets/Scenes/911.unity using Guid(24041f1bea4de2a46a7ed2d7ca6c0697) Importer(815301076,1909f56bfc062723c751e8b465ee728b)  -> (artifact id: '765e3a84cc9672543175a1810f23c955') in 0.013159 seconds 
========================================================================
Received Import Request.
  Time since last request: 1.220262 seconds.
  path: Assets/Scenes/MineField.unity
  artifactKey: Guid(c1fbfd74ab359f1459107ab71e433f57) Importer(815301076,1909f56bfc062723c751e8b465ee728b)
Start importing Assets/Scenes/MineField.unity using Guid(c1fbfd74ab359f1459107ab71e433f57) Importer(815301076,1909f56bfc062723c751e8b465ee728b)  -> (artifact id: '0be4d7a4d18363afe86bceb75b564da1') in 0.005584 seconds 
========================================================================
Received Prepare
Registering precompiled user dll's ...
Registered in 0.004376 seconds.
Begin MonoManager ReloadAssembly
Symbol file LoadedFromMemory doesn't match image C:\Users\ADMIN\Documents\GitHub\Explosion_Implusion\Project_Explosion\Library\PackageCache\com.unity.visualscripting@1.7.8\Editor\VisualScripting.Core\Dependencies\YamlDotNet\Unity.VisualScripting.YamlDotNet.dll
Symbol file LoadedFromMemory doesn't match image C:\Users\ADMIN\Documents\GitHub\Explosion_Implusion\Project_Explosion\Library\PackageCache\com.unity.visualscripting@1.7.8\Editor\VisualScripting.Core\Dependencies\DotNetZip\Unity.VisualScripting.IonicZip.dll
Native extension for WindowsStandalone target not found
Refreshing native plugins compatible for Editor in 0.91 ms, found 3 plugins.
Preloading 0 native plugins for Editor in 0.00 ms.
Mono: successfully reloaded assembly
- Completed reload, in  0.893 seconds
Domain Reload Profiling:
	ReloadAssembly (893ms)
		BeginReloadAssembly (118ms)
			ExecutionOrderSort (0ms)
			DisableScriptedObjects (6ms)
			BackupInstance (0ms)
			ReleaseScriptingObjects (0ms)
			CreateAndSetChildDomain (34ms)
		EndReloadAssembly (692ms)
			LoadAssemblies (74ms)
			RebuildTransferFunctionScriptingTraits (0ms)
			SetupTypeCache (225ms)
			ReleaseScriptCaches (1ms)
			RebuildScriptCaches (40ms)
			SetupLoadedEditorAssemblies (313ms)
				LogAssemblyErrors (0ms)
				InitializePlatformSupportModulesInManaged (13ms)
				SetLoadedEditorAssemblies (0ms)
				RefreshPlugins (1ms)
				BeforeProcessingInitializeOnLoad (72ms)
				ProcessInitializeOnLoadAttributes (188ms)
				ProcessInitializeOnLoadMethodAttributes (31ms)
				AfterProcessingInitializeOnLoad (7ms)
				EditorAssembliesLoaded (0ms)
			ExecutionOrderSort2 (0ms)
			AwakeInstancesAfterBackupRestoration (6ms)
Platform modules already initialized, skipping
Refreshing native plugins compatible for Editor in 2.02 ms, found 3 plugins.
Preloading 0 native plugins for Editor in 0.00 ms.
Unloading 3975 Unused Serialized files (Serialized files now loaded: 0)
Unloading 33 unused Assets / (1.4 MB). Loaded Objects now: 4500.
Memory consumption went from 219.3 MB to 218.0 MB.
Total: 3.320500 ms (FindLiveObjects: 0.315700 ms CreateObjectMapping: 0.249800 ms MarkObjects: 2.396600 ms  DeleteObjects: 0.357600 ms)

AssetImportParameters requested are different than current active one (requested -> active):
  custom:video-decoder-ogg-theora: a1e56fd34408186e4bbccfd4996cb3dc -> 
  custom:container-muxer-webm: aa71ff27fc2769a1b78a27578f13a17b -> 
  custom:container-demuxer-webm: 4f35f7cbe854078d1ac9338744f61a02 -> 
  custom:video-encoder-webm-vp8: eb34c28f22e8b96e1ab97ce403110664 -> 
  custom:audio-encoder-webm-vorbis: bf7c407c2cedff20999df2af8eb42d56 -> 
  custom:framework-win-MediaFoundation: 216162199b28c13a410421893ffa2e32 -> 
  custom:container-demuxer-ogg: 62fdf1f143b41e24485cea50d1cbac27 -> 
  custom:video-decoder-webm-vp8: 9c59270c3fd7afecdb556c50c9e8de78 -> 
  custom:audio-decoder-ogg-vorbis: bf7c407c2cedff20999df2af8eb42d56 -> 
========================================================================
Received Prepare
Registering precompiled user dll's ...
Registered in 0.004324 seconds.
Begin MonoManager ReloadAssembly
Symbol file LoadedFromMemory doesn't match image C:\Users\ADMIN\Documents\GitHub\Explosion_Implusion\Project_Explosion\Library\PackageCache\com.unity.visualscripting@1.7.8\Editor\VisualScripting.Core\Dependencies\YamlDotNet\Unity.VisualScripting.YamlDotNet.dll
Symbol file LoadedFromMemory doesn't match image C:\Users\ADMIN\Documents\GitHub\Explosion_Implusion\Project_Explosion\Library\PackageCache\com.unity.visualscripting@1.7.8\Editor\VisualScripting.Core\Dependencies\DotNetZip\Unity.VisualScripting.IonicZip.dll
Native extension for WindowsStandalone target not found
Refreshing native plugins compatible for Editor in 1.67 ms, found 3 plugins.
Preloading 0 native plugins for Editor in 0.00 ms.
Mono: successfully reloaded assembly
- Completed reload, in  0.894 seconds
Domain Reload Profiling:
	ReloadAssembly (894ms)
		BeginReloadAssembly (115ms)
			ExecutionOrderSort (0ms)
			DisableScriptedObjects (5ms)
			BackupInstance (0ms)
			ReleaseScriptingObjects (0ms)
			CreateAndSetChildDomain (33ms)
		EndReloadAssembly (697ms)
			LoadAssemblies (71ms)
			RebuildTransferFunctionScriptingTraits (0ms)
			SetupTypeCache (223ms)
			ReleaseScriptCaches (1ms)
			RebuildScriptCaches (36ms)
			SetupLoadedEditorAssemblies (323ms)
				LogAssemblyErrors (0ms)
				InitializePlatformSupportModulesInManaged (11ms)
				SetLoadedEditorAssemblies (1ms)
				RefreshPlugins (2ms)
				BeforeProcessingInitializeOnLoad (79ms)
				ProcessInitializeOnLoadAttributes (195ms)
				ProcessInitializeOnLoadMethodAttributes (28ms)
				AfterProcessingInitializeOnLoad (7ms)
				EditorAssembliesLoaded (0ms)
			ExecutionOrderSort2 (0ms)
			AwakeInstancesAfterBackupRestoration (5ms)
Platform modules already initialized, skipping
Refreshing native plugins compatible for Editor in 2.13 ms, found 3 plugins.
Preloading 0 native plugins for Editor in 0.00 ms.
Unloading 3975 Unused Serialized files (Serialized files now loaded: 0)
Unloading 33 unused Assets / (1.3 MB). Loaded Objects now: 4503.
Memory consumption went from 219.3 MB to 218.0 MB.
Total: 3.434100 ms (FindLiveObjects: 0.322900 ms CreateObjectMapping: 0.258800 ms MarkObjects: 2.480800 ms  DeleteObjects: 0.370800 ms)

AssetImportParameters requested are different than current active one (requested -> active):
  custom:video-decoder-ogg-theora: a1e56fd34408186e4bbccfd4996cb3dc -> 
  custom:container-muxer-webm: aa71ff27fc2769a1b78a27578f13a17b -> 
  custom:container-demuxer-webm: 4f35f7cbe854078d1ac9338744f61a02 -> 
  custom:video-encoder-webm-vp8: eb34c28f22e8b96e1ab97ce403110664 -> 
  custom:audio-encoder-webm-vorbis: bf7c407c2cedff20999df2af8eb42d56 -> 
  custom:framework-win-MediaFoundation: 216162199b28c13a410421893ffa2e32 -> 
  custom:container-demuxer-ogg: 62fdf1f143b41e24485cea50d1cbac27 -> 
  custom:video-decoder-webm-vp8: 9c59270c3fd7afecdb556c50c9e8de78 -> 
  custom:audio-decoder-ogg-vorbis: bf7c407c2cedff20999df2af8eb42d56 -> 
========================================================================
Received Prepare
Registering precompiled user dll's ...
Registered in 0.005308 seconds.
Begin MonoManager ReloadAssembly
Symbol file LoadedFromMemory doesn't match image C:\Users\ADMIN\Documents\GitHub\Explosion_Implusion\Project_Explosion\Library\PackageCache\com.unity.visualscripting@1.7.8\Editor\VisualScripting.Core\Dependencies\YamlDotNet\Unity.VisualScripting.YamlDotNet.dll
Symbol file LoadedFromMemory doesn't match image C:\Users\ADMIN\Documents\GitHub\Explosion_Implusion\Project_Explosion\Library\PackageCache\com.unity.visualscripting@1.7.8\Editor\VisualScripting.Core\Dependencies\DotNetZip\Unity.VisualScripting.IonicZip.dll
Native extension for WindowsStandalone target not found
Refreshing native plugins compatible for Editor in 0.88 ms, found 3 plugins.
Preloading 0 native plugins for Editor in 0.00 ms.
Mono: successfully reloaded assembly
- Completed reload, in  0.895 seconds
Domain Reload Profiling:
	ReloadAssembly (896ms)
		BeginReloadAssembly (118ms)
			ExecutionOrderSort (0ms)
			DisableScriptedObjects (5ms)
			BackupInstance (0ms)
			ReleaseScriptingObjects (0ms)
			CreateAndSetChildDomain (34ms)
		EndReloadAssembly (696ms)
			LoadAssemblies (75ms)
			RebuildTransferFunctionScriptingTraits (0ms)
			SetupTypeCache (228ms)
			ReleaseScriptCaches (1ms)
			RebuildScriptCaches (38ms)
			SetupLoadedEditorAssemblies (311ms)
				LogAssemblyErrors (0ms)
				InitializePlatformSupportModulesInManaged (11ms)
				SetLoadedEditorAssemblies (0ms)
				RefreshPlugins (1ms)
				BeforeProcessingInitializeOnLoad (73ms)
				ProcessInitializeOnLoadAttributes (188ms)
				ProcessInitializeOnLoadMethodAttributes (29ms)
				AfterProcessingInitializeOnLoad (8ms)
				EditorAssembliesLoaded (0ms)
			ExecutionOrderSort2 (0ms)
			AwakeInstancesAfterBackupRestoration (6ms)
Platform modules already initialized, skipping
Refreshing native plugins compatible for Editor in 2.35 ms, found 3 plugins.
Preloading 0 native plugins for Editor in 0.00 ms.
Unloading 3975 Unused Serialized files (Serialized files now loaded: 0)
Unloading 33 unused Assets / (1.4 MB). Loaded Objects now: 4506.
Memory consumption went from 219.4 MB to 218.0 MB.
Total: 3.041300 ms (FindLiveObjects: 0.327700 ms CreateObjectMapping: 0.222100 ms MarkObjects: 2.119800 ms  DeleteObjects: 0.370300 ms)

AssetImportParameters requested are different than current active one (requested -> active):
  custom:video-decoder-ogg-theora: a1e56fd34408186e4bbccfd4996cb3dc -> 
  custom:container-muxer-webm: aa71ff27fc2769a1b78a27578f13a17b -> 
  custom:container-demuxer-webm: 4f35f7cbe854078d1ac9338744f61a02 -> 
  custom:video-encoder-webm-vp8: eb34c28f22e8b96e1ab97ce403110664 -> 
  custom:audio-encoder-webm-vorbis: bf7c407c2cedff20999df2af8eb42d56 -> 
  custom:framework-win-MediaFoundation: 216162199b28c13a410421893ffa2e32 -> 
  custom:container-demuxer-ogg: 62fdf1f143b41e24485cea50d1cbac27 -> 
  custom:video-decoder-webm-vp8: 9c59270c3fd7afecdb556c50c9e8de78 -> 
  custom:audio-decoder-ogg-vorbis: bf7c407c2cedff20999df2af8eb42d56 -> 
========================================================================
Received Import Request.
  Time since last request: 477.081929 seconds.
  path: Assets/City/Models/Buildings/Materials/01 (15).mat
  artifactKey: Guid(be1340931a27ee34491005209e9ac1cf) Importer(815301076,1909f56bfc062723c751e8b465ee728b)
Start importing Assets/City/Models/Buildings/Materials/01 (15).mat using Guid(be1340931a27ee34491005209e9ac1cf) Importer(815301076,1909f56bfc062723c751e8b465ee728b)  -> (artifact id: '0ee6db949e6d549124c634163e013af4') in 0.131346 seconds 
========================================================================
Received Import Request.
  Time since last request: 0.000023 seconds.
  path: Assets/Polygon City/Materials/Colors_buildings/A2.mat
  artifactKey: Guid(5188c7492ef51d143a7128aa9700788a) Importer(815301076,1909f56bfc062723c751e8b465ee728b)
Start importing Assets/Polygon City/Materials/Colors_buildings/A2.mat using Guid(5188c7492ef51d143a7128aa9700788a) Importer(815301076,1909f56bfc062723c751e8b465ee728b)  -> (artifact id: 'ec67e3b52b99b23a45f4b8cf203d9bb6') in 0.012099 seconds 
========================================================================
Received Import Request.
  Time since last request: 0.000019 seconds.
  path: Assets/City/Models/Buildings/Materials/b2.mat
  artifactKey: Guid(c0e5deab59a7c22429e6cf07ac305842) Importer(815301076,1909f56bfc062723c751e8b465ee728b)
Start importing Assets/City/Models/Buildings/Materials/b2.mat using Guid(c0e5deab59a7c22429e6cf07ac305842) Importer(815301076,1909f56bfc062723c751e8b465ee728b)  -> (artifact id: 'a32f46c775ae8445a2e43a604866f29e') in 0.013292 seconds 
========================================================================
Received Import Request.
  Time since last request: 0.000023 seconds.
  path: Assets/City/Models/Buildings/Materials/b3-2.mat
  artifactKey: Guid(1e2f5a37bec567c4fa4483c075b4b840) Importer(815301076,1909f56bfc062723c751e8b465ee728b)
Start importing Assets/City/Models/Buildings/Materials/b3-2.mat using Guid(1e2f5a37bec567c4fa4483c075b4b840) Importer(815301076,1909f56bfc062723c751e8b465ee728b)  -> (artifact id: '2d04ae58b56aca9a5d1bfc7d967bdce1') in 0.011743 seconds 
========================================================================
Received Import Request.
  Time since last request: 0.000044 seconds.
  path: Assets/City/Models/Buildings/Materials/b.mat
  artifactKey: Guid(6f3aa0dac2ff3d041a81464c85d6f60a) Importer(815301076,1909f56bfc062723c751e8b465ee728b)
Start importing Assets/City/Models/Buildings/Materials/b.mat using Guid(6f3aa0dac2ff3d041a81464c85d6f60a) Importer(815301076,1909f56bfc062723c751e8b465ee728b)  -> (artifact id: '53dd58a8b067baa5d7aae27c18abf997') in 0.014691 seconds 
========================================================================
Received Import Request.
  Time since last request: 0.000027 seconds.
  path: Assets/City/Models/Buildings/Materials/b4.mat
  artifactKey: Guid(c823db213c09c834b9291fa879c9e5eb) Importer(815301076,1909f56bfc062723c751e8b465ee728b)
Start importing Assets/City/Models/Buildings/Materials/b4.mat using Guid(c823db213c09c834b9291fa879c9e5eb) Importer(815301076,1909f56bfc062723c751e8b465ee728b)  -> (artifact id: '2b56008412fee32f08037fad2ba4ef73') in 0.014192 seconds 
========================================================================
Received Import Request.
  Time since last request: 0.000034 seconds.
  path: Assets/City/Models/Buildings/Materials/b9-1.mat
  artifactKey: Guid(abaff2e6c6f61e248a1de0b7581c0ecd) Importer(815301076,1909f56bfc062723c751e8b465ee728b)
Start importing Assets/City/Models/Buildings/Materials/b9-1.mat using Guid(abaff2e6c6f61e248a1de0b7581c0ecd) Importer(815301076,1909f56bfc062723c751e8b465ee728b)  -> (artifact id: '6471f8b5f81d20a1e4877646f0a07c22') in 0.011292 seconds 
========================================================================
Received Import Request.
  Time since last request: 0.000026 seconds.
  path: Assets/City/Models/Buildings/Materials/06 (7).mat
  artifactKey: Guid(ed2115d86521bad449a04f5b44ec2d98) Importer(815301076,1909f56bfc062723c751e8b465ee728b)
Start importing Assets/City/Models/Buildings/Materials/06 (7).mat using Guid(ed2115d86521bad449a04f5b44ec2d98) Importer(815301076,1909f56bfc062723c751e8b465ee728b)  -> (artifact id: '5f6cb8d4a41ca05a141822ff8cb3d926') in 0.016492 seconds 
========================================================================
Received Import Request.
  Time since last request: 0.000029 seconds.
  path: Assets/City/Models/Buildings/Materials/b1-1.mat
  artifactKey: Guid(3be9231021208864199d8bab6423be59) Importer(815301076,1909f56bfc062723c751e8b465ee728b)
Start importing Assets/City/Models/Buildings/Materials/b1-1.mat using Guid(3be9231021208864199d8bab6423be59) Importer(815301076,1909f56bfc062723c751e8b465ee728b)  -> (artifact id: '02cfbcfbb7d5b0ea071933cf797cb188') in 0.012207 seconds 
========================================================================
Received Import Request.
  Time since last request: 0.000024 seconds.
  path: Assets/City/Models/Buildings/Materials/b7.mat
  artifactKey: Guid(94b8ea75ad770ae4a8692954d7b3e565) Importer(815301076,1909f56bfc062723c751e8b465ee728b)
Start importing Assets/City/Models/Buildings/Materials/b7.mat using Guid(94b8ea75ad770ae4a8692954d7b3e565) Importer(815301076,1909f56bfc062723c751e8b465ee728b)  -> (artifact id: 'd0342c89c8037cfeea886dd9b0018fc6') in 0.012424 seconds 
========================================================================
Received Import Request.
  Time since last request: 0.000026 seconds.
  path: Assets/Polygon City/Materials/Material_meshs/air conditioner wall.mat
  artifactKey: Guid(cb6d4b2eccab7624ea771ecdd72639d5) Importer(815301076,1909f56bfc062723c751e8b465ee728b)
Start importing Assets/Polygon City/Materials/Material_meshs/air conditioner wall.mat using Guid(cb6d4b2eccab7624ea771ecdd72639d5) Importer(815301076,1909f56bfc062723c751e8b465ee728b)  -> (artifact id: 'b0680ba361de02325dd90e9a58ffdf60') in 0.012857 seconds 
========================================================================
Received Import Request.
  Time since last request: 0.000015 seconds.
  path: Assets/Polygon City/Materials/Colors_buildings/A.mat
  artifactKey: Guid(3c98c150d6196ef419f666d71cf7d13f) Importer(815301076,1909f56bfc062723c751e8b465ee728b)
Start importing Assets/Polygon City/Materials/Colors_buildings/A.mat using Guid(3c98c150d6196ef419f666d71cf7d13f) Importer(815301076,1909f56bfc062723c751e8b465ee728b)  -> (artifact id: '9d788ae29d7dd4eca4f489f28a9834ce') in 0.012023 seconds 
========================================================================
Received Import Request.
  Time since last request: 0.000023 seconds.
  path: Assets/City/Models/Buildings/Materials/b6.mat
  artifactKey: Guid(8d6a8ab164fd36340871beae26805e66) Importer(815301076,1909f56bfc062723c751e8b465ee728b)
Start importing Assets/City/Models/Buildings/Materials/b6.mat using Guid(8d6a8ab164fd36340871beae26805e66) Importer(815301076,1909f56bfc062723c751e8b465ee728b)  -> (artifact id: 'a29ccdb4f67f9f5bf54eaebee45349e4') in 0.014761 seconds 
========================================================================
Received Import Request.
  Time since last request: 0.000021 seconds.
  path: Assets/Office/Materials/aluminium.mat
  artifactKey: Guid(d82c41b7461a1de4286cde5e1fcd6550) Importer(815301076,1909f56bfc062723c751e8b465ee728b)
Start importing Assets/Office/Materials/aluminium.mat using Guid(d82c41b7461a1de4286cde5e1fcd6550) Importer(815301076,1909f56bfc062723c751e8b465ee728b)  -> (artifact id: '90bdd176701dc6190db2a3488e997fc4') in 0.014283 seconds 
========================================================================
Received Import Request.
  Time since last request: 0.000056 seconds.
  path: Assets/Polygon City/Materials/Colors_buildings/B3.mat
  artifactKey: Guid(6654366d45d22054abd260171b0f7c04) Importer(815301076,1909f56bfc062723c751e8b465ee728b)
Start importing Assets/Polygon City/Materials/Colors_buildings/B3.mat using Guid(6654366d45d22054abd260171b0f7c04) Importer(815301076,1909f56bfc062723c751e8b465ee728b)  -> (artifact id: 'ed4b535f1248623a5d44426c49131bf5') in 0.012567 seconds 
========================================================================
Received Import Request.
  Time since last request: 0.000041 seconds.
  path: Assets/City/Models/Buildings/Materials/5.mat
  artifactKey: Guid(cf5ec46cca0e3784c8e8ed2adc07d424) Importer(815301076,1909f56bfc062723c751e8b465ee728b)
Start importing Assets/City/Models/Buildings/Materials/5.mat using Guid(cf5ec46cca0e3784c8e8ed2adc07d424) Importer(815301076,1909f56bfc062723c751e8b465ee728b)  -> (artifact id: 'ec80c2425546386ad4de15f485bcf7ea') in 0.018233 seconds 
========================================================================
Received Import Request.
  Time since last request: 0.000025 seconds.
  path: Assets/City/Models/Buildings/Materials/05 (9).mat
  artifactKey: Guid(529c0cfbd00130d47800f21bc08f039e) Importer(815301076,1909f56bfc062723c751e8b465ee728b)
Start importing Assets/City/Models/Buildings/Materials/05 (9).mat using Guid(529c0cfbd00130d47800f21bc08f039e) Importer(815301076,1909f56bfc062723c751e8b465ee728b)  -> (artifact id: '11cd5574e03cec5360915ab8fff6abde') in 0.016546 seconds 
========================================================================
Received Import Request.
  Time since last request: 0.000044 seconds.
  path: Assets/City/Models/Buildings/Materials/b6-1.mat
  artifactKey: Guid(313045ffbb76988449f1faccd80570bb) Importer(815301076,1909f56bfc062723c751e8b465ee728b)
Start importing Assets/City/Models/Buildings/Materials/b6-1.mat using Guid(313045ffbb76988449f1faccd80570bb) Importer(815301076,1909f56bfc062723c751e8b465ee728b)  -> (artifact id: '851e717d95e33c30433c178f239cac57') in 0.011998 seconds 
========================================================================
Received Import Request.
  Time since last request: 0.000044 seconds.
  path: Assets/Polygon City/Materials/Material_meshs/Bench 2.mat
  artifactKey: Guid(3c61eab8b04b7b84d89327b21cc91c6e) Importer(815301076,1909f56bfc062723c751e8b465ee728b)
Start importing Assets/Polygon City/Materials/Material_meshs/Bench 2.mat using Guid(3c61eab8b04b7b84d89327b21cc91c6e) Importer(815301076,1909f56bfc062723c751e8b465ee728b)  -> (artifact id: '4940016288a739f836e1c487d8031096') in 0.013478 seconds 
========================================================================
Received Import Request.
  Time since last request: 0.000026 seconds.
  path: Assets/City/Models/Buildings/Materials/03 (9).mat
  artifactKey: Guid(6cf9476470966604c9ce286a28a6b4dc) Importer(815301076,1909f56bfc062723c751e8b465ee728b)
Start importing Assets/City/Models/Buildings/Materials/03 (9).mat using Guid(6cf9476470966604c9ce286a28a6b4dc) Importer(815301076,1909f56bfc062723c751e8b465ee728b)  -> (artifact id: 'd70300777c0824df2ba8494aa5dcd73d') in 0.017613 seconds 
========================================================================
Received Import Request.
  Time since last request: 0.000033 seconds.
  path: Assets/City/Models/Buildings/Materials/b7-1.mat
  artifactKey: Guid(9f723c8f07f957e4da495e12b2779ca0) Importer(815301076,1909f56bfc062723c751e8b465ee728b)
Start importing Assets/City/Models/Buildings/Materials/b7-1.mat using Guid(9f723c8f07f957e4da495e12b2779ca0) Importer(815301076,1909f56bfc062723c751e8b465ee728b)  -> (artifact id: '91def38d6c9a345b273fbe0842f4839d') in 0.013338 seconds 
========================================================================
Received Import Request.
  Time since last request: 0.000022 seconds.
  path: Assets/Polygon City/Meshes,textures/props_FBX/Materials/bb.mat
  artifactKey: Guid(cd7195827f56c604b9894459d027a454) Importer(815301076,1909f56bfc062723c751e8b465ee728b)
Start importing Assets/Polygon City/Meshes,textures/props_FBX/Materials/bb.mat using Guid(cd7195827f56c604b9894459d027a454) Importer(815301076,1909f56bfc062723c751e8b465ee728b)  -> (artifact id: 'f3b76bdee1e9b6b04a470293bd7c6529') in 0.018810 seconds 
========================================================================
Received Import Request.
  Time since last request: 0.000021 seconds.
  path: Assets/Polygon City/Meshes,textures/Buildings_FBX/Materials/air.mat
  artifactKey: Guid(562511c18ddd2274f99dd4ec957c133b) Importer(815301076,1909f56bfc062723c751e8b465ee728b)
Start importing Assets/Polygon City/Meshes,textures/Buildings_FBX/Materials/air.mat using Guid(562511c18ddd2274f99dd4ec957c133b) Importer(815301076,1909f56bfc062723c751e8b465ee728b)  -> (artifact id: 'ac12937725fef31b6c14a414b8edb26c') in 0.018310 seconds 
========================================================================
Received Import Request.
  Time since last request: 0.000032 seconds.
  path: Assets/Polygon City/Materials/Colors_buildings/A1.mat
  artifactKey: Guid(1af4b0d855a4f694baba51a55f5c6cc9) Importer(815301076,1909f56bfc062723c751e8b465ee728b)
Start importing Assets/Polygon City/Materials/Colors_buildings/A1.mat using Guid(1af4b0d855a4f694baba51a55f5c6cc9) Importer(815301076,1909f56bfc062723c751e8b465ee728b)  -> (artifact id: 'ed9071f7fdb1b3fc74ba9997d445b7cd') in 0.012167 seconds 
========================================================================
Received Import Request.
  Time since last request: 0.000049 seconds.
  path: Assets/City/Models/Buildings/Materials/4-2.mat
  artifactKey: Guid(475d2e2c3ff9b3e4eb3d9d59f2e072a3) Importer(815301076,1909f56bfc062723c751e8b465ee728b)
Start importing Assets/City/Models/Buildings/Materials/4-2.mat using Guid(475d2e2c3ff9b3e4eb3d9d59f2e072a3) Importer(815301076,1909f56bfc062723c751e8b465ee728b)  -> (artifact id: 'e7168fb0d078bb5f62d87bd3fa90c178') in 0.015432 seconds 
========================================================================
Received Import Request.
  Time since last request: 0.000033 seconds.
  path: Assets/Polygon City/Materials/Colors_buildings/B2.mat
  artifactKey: Guid(792fa418de0281e4bab622f9a60c88b2) Importer(815301076,1909f56bfc062723c751e8b465ee728b)
Start importing Assets/Polygon City/Materials/Colors_buildings/B2.mat using Guid(792fa418de0281e4bab622f9a60c88b2) Importer(815301076,1909f56bfc062723c751e8b465ee728b)  -> (artifact id: '74f803be00257ac8eea764dce113d69f') in 0.011821 seconds 
========================================================================
Received Import Request.
  Time since last request: 0.000029 seconds.
  path: Assets/City/Models/Buildings/Materials/b1.mat
  artifactKey: Guid(f632b1c8557e32d43bff941c3a868a84) Importer(815301076,1909f56bfc062723c751e8b465ee728b)
Start importing Assets/City/Models/Buildings/Materials/b1.mat using Guid(f632b1c8557e32d43bff941c3a868a84) Importer(815301076,1909f56bfc062723c751e8b465ee728b)  -> (artifact id: 'c1fb2e4f7336c8ff4a0b9b4bcfa1b7df') in 0.013980 seconds 
========================================================================
Received Import Request.
  Time since last request: 0.000018 seconds.
  path: Assets/Polygon City/Meshes,textures/props_FBX/Materials/b.mat
  artifactKey: Guid(cea0889ca14d42e4593154852d28368e) Importer(815301076,1909f56bfc062723c751e8b465ee728b)
Start importing Assets/Polygon City/Meshes,textures/props_FBX/Materials/b.mat using Guid(cea0889ca14d42e4593154852d28368e) Importer(815301076,1909f56bfc062723c751e8b465ee728b)  -> (artifact id: '67e1748aa0db4a72746628f9cc256bc7') in 0.012845 seconds 
========================================================================
Received Import Request.
  Time since last request: 0.000018 seconds.
  path: Assets/City/Models/Buildings/Materials/b9.mat
  artifactKey: Guid(6642346c671ae614dad01dfbd7c930b8) Importer(815301076,1909f56bfc062723c751e8b465ee728b)
Start importing Assets/City/Models/Buildings/Materials/b9.mat using Guid(6642346c671ae614dad01dfbd7c930b8) Importer(815301076,1909f56bfc062723c751e8b465ee728b)  -> (artifact id: '59b1b2f1564cc165d8a0fe6fa7181c44') in 0.014889 seconds 
========================================================================
Received Import Request.
  Time since last request: 0.000021 seconds.
  path: Assets/City/Models/Buildings/Materials/05 (8).mat
  artifactKey: Guid(0de8f807e4effcf488cd48d784a3a7b0) Importer(815301076,1909f56bfc062723c751e8b465ee728b)
Start importing Assets/City/Models/Buildings/Materials/05 (8).mat using Guid(0de8f807e4effcf488cd48d784a3a7b0) Importer(815301076,1909f56bfc062723c751e8b465ee728b)  -> (artifact id: '2bdc86f89654a33d5f9d4c0a71e90e02') in 0.009265 seconds 
========================================================================
Received Import Request.
  Time since last request: 0.000026 seconds.
  path: Assets/Polygon City/Materials/Material_meshs/bench.mat
  artifactKey: Guid(0cfe2f16ddac5b04b8acda9e8f8cb3ee) Importer(815301076,1909f56bfc062723c751e8b465ee728b)
Start importing Assets/Polygon City/Materials/Material_meshs/bench.mat using Guid(0cfe2f16ddac5b04b8acda9e8f8cb3ee) Importer(815301076,1909f56bfc062723c751e8b465ee728b)  -> (artifact id: '3f438d8041c543d30d3ed6cb7a3f0fcb') in 0.012014 seconds 
========================================================================
Received Import Request.
  Time since last request: 0.000026 seconds.
  path: Assets/City/Models/Roof/Materials/Aircos0005_240.mat
  artifactKey: Guid(53a8f19c48e42174c9b664b59f320413) Importer(815301076,1909f56bfc062723c751e8b465ee728b)
Start importing Assets/City/Models/Roof/Materials/Aircos0005_240.mat using Guid(53a8f19c48e42174c9b664b59f320413) Importer(815301076,1909f56bfc062723c751e8b465ee728b)  -> (artifact id: '3ee622fe69d708f50d12fc68b9738734') in 0.016485 seconds 
========================================================================
Received Import Request.
  Time since last request: 0.054809 seconds.
  path: Assets/Polygon City/Meshes,textures/props_FBX/Materials/big trash bin texture.mat
  artifactKey: Guid(85964dd2572020442a3be6557b6806c7) Importer(815301076,1909f56bfc062723c751e8b465ee728b)
Start importing Assets/Polygon City/Meshes,textures/props_FBX/Materials/big trash bin texture.mat using Guid(85964dd2572020442a3be6557b6806c7) Importer(815301076,1909f56bfc062723c751e8b465ee728b)  -> (artifact id: '61b01fce3bf8acb62b8c241929947959') in 0.018674 seconds 
========================================================================
Received Import Request.
  Time since last request: 0.000041 seconds.
  path: Assets/City/Models/Buildings/Materials/depositphotos_8483461-Seamless-pattern-resembling-glass-windows-on-a-modern-building.mat
  artifactKey: Guid(923db6f4baf3a40409aa01c577fb2b5a) Importer(815301076,1909f56bfc062723c751e8b465ee728b)
Start importing Assets/City/Models/Buildings/Materials/depositphotos_8483461-Seamless-pattern-resembling-glass-windows-on-a-modern-building.mat using Guid(923db6f4baf3a40409aa01c577fb2b5a) Importer(815301076,1909f56bfc062723c751e8b465ee728b)  -> (artifact id: 'f8a9ef0563682eaf8d7184a03eb96343') in 0.016746 seconds 
========================================================================
Received Import Request.
  Time since last request: 0.000033 seconds.
  path: Assets/Polygon City/Materials/Material_meshs/BurgerSho_Sign.mat
  artifactKey: Guid(b3e3e670762d9c941b09bd6e7a5789f4) Importer(815301076,1909f56bfc062723c751e8b465ee728b)
Start importing Assets/Polygon City/Materials/Material_meshs/BurgerSho_Sign.mat using Guid(b3e3e670762d9c941b09bd6e7a5789f4) Importer(815301076,1909f56bfc062723c751e8b465ee728b)  -> (artifact id: '3466cd88d3ee47de365df7c82f99eaa7') in 0.012615 seconds 
========================================================================
Received Import Request.
  Time since last request: 0.000022 seconds.
  path: Assets/Polygon City/Meshes,textures/props_FBX/Materials/BurgerShop_sign.mat
  artifactKey: Guid(a9c8ec522c4d2b945b9c343fdd730b26) Importer(815301076,1909f56bfc062723c751e8b465ee728b)
Start importing Assets/Polygon City/Meshes,textures/props_FBX/Materials/BurgerShop_sign.mat using Guid(a9c8ec522c4d2b945b9c343fdd730b26) Importer(815301076,1909f56bfc062723c751e8b465ee728b)  -> (artifact id: '0abc7f1f3653a9fb8d1554b39f9bbda9') in 0.017468 seconds 
Editor requested this worker to shutdown with reason: Scaling down because of idle timeout
AssetImportWorker is now disconnected from the server
Process exiting
Exiting without the bug reporter. Application will terminate with return code 0