Using pre-set license
Built from '2021.3/staging' branch; Version is '2021.3.7f1 (24e8595d6d43) revision 2418777'; Using compiler version '192829333'; Build Type 'Release'
OS: 'Windows 10  (10.0.19044) 64bit Core' Language: 'en' Physical Memory: 32637 MB
BatchMode: 1, IsHumanControllingUs: 0, StartBugReporterOnCrash: 0, Is64bit: 1, IsPro: 1

COMMAND LINE ARGUMENTS:
C:\Program Files\Unity\Hub\Editor\2021.3.7f1\Editor\Unity.exe
-adb2
-batchMode
-noUpm
-name
AssetImportWorker13
-projectPath
C:/Users/ADMIN/Documents/GitHub/Explosion_Implusion/Project_Explosion
-logFile
Logs/AssetImportWorker13.log
-srvPort
59590
Successfully changed project path to: C:/Users/ADMIN/Documents/GitHub/Explosion_Implusion/Project_Explosion
C:/Users/ADMIN/Documents/GitHub/Explosion_Implusion/Project_Explosion
[UnityMemory] Configuration Parameters - Can be set up in boot.config
    "memorysetup-bucket-allocator-granularity=16"
    "memorysetup-bucket-allocator-bucket-count=8"
    "memorysetup-bucket-allocator-block-size=33554432"
    "memorysetup-bucket-allocator-block-count=8"
    "memorysetup-main-allocator-block-size=16777216"
    "memorysetup-thread-allocator-block-size=16777216"
    "memorysetup-gfx-main-allocator-block-size=16777216"
    "memorysetup-gfx-thread-allocator-block-size=16777216"
    "memorysetup-cache-allocator-block-size=4194304"
    "memorysetup-typetree-allocator-block-size=2097152"
    "memorysetup-profiler-bucket-allocator-granularity=16"
    "memorysetup-profiler-bucket-allocator-bucket-count=8"
    "memorysetup-profiler-bucket-allocator-block-size=33554432"
    "memorysetup-profiler-bucket-allocator-block-count=8"
    "memorysetup-profiler-allocator-block-size=16777216"
    "memorysetup-profiler-editor-allocator-block-size=1048576"
    "memorysetup-temp-allocator-size-main=16777216"
    "memorysetup-job-temp-allocator-block-size=2097152"
    "memorysetup-job-temp-allocator-block-size-background=1048576"
    "memorysetup-job-temp-allocator-reduction-small-platforms=262144"
    "memorysetup-temp-allocator-size-background-worker=32768"
    "memorysetup-temp-allocator-size-job-worker=262144"
    "memorysetup-temp-allocator-size-preload-manager=33554432"
    "memorysetup-temp-allocator-size-nav-mesh-worker=65536"
    "memorysetup-temp-allocator-size-audio-worker=65536"
    "memorysetup-temp-allocator-size-cloud-worker=32768"
    "memorysetup-temp-allocator-size-gi-baking-worker=262144"
    "memorysetup-temp-allocator-size-gfx=262144"
Refreshing native plugins compatible for Editor in 111.60 ms, found 3 plugins.
Preloading 0 native plugins for Editor in 0.00 ms.
Initialize engine version: 2021.3.7f1 (24e8595d6d43)
[Subsystems] Discovering subsystems at path C:/Program Files/Unity/Hub/Editor/2021.3.7f1/Editor/Data/Resources/UnitySubsystems
[Subsystems] Discovering subsystems at path C:/Users/ADMIN/Documents/GitHub/Explosion_Implusion/Project_Explosion/Assets
GfxDevice: creating device client; threaded=0; jobified=0
Direct3D:
    Version:  Direct3D 11.0 [level 11.1]
    Renderer: NVIDIA GeForce RTX 3060 (ID=0x2503)
    Vendor:   NVIDIA
    VRAM:     12129 MB
    Driver:   31.0.15.2698
Initialize mono
Mono path[0] = 'C:/Program Files/Unity/Hub/Editor/2021.3.7f1/Editor/Data/Managed'
Mono path[1] = 'C:/Program Files/Unity/Hub/Editor/2021.3.7f1/Editor/Data/MonoBleedingEdge/lib/mono/unityjit-win32'
Mono config path = 'C:/Program Files/Unity/Hub/Editor/2021.3.7f1/Editor/Data/MonoBleedingEdge/etc'
Using monoOptions --debugger-agent=transport=dt_socket,embedding=1,server=y,suspend=n,address=127.0.0.1:56672
Begin MonoManager ReloadAssembly
Registering precompiled unity dll's ...
Register platform support module: C:/Program Files/Unity/Hub/Editor/2021.3.7f1/Editor/Data/PlaybackEngines/WindowsStandaloneSupport/UnityEditor.WindowsStandalone.Extensions.dll
Registered in 0.006169 seconds.
Native extension for WindowsStandalone target not found
Refreshing native plugins compatible for Editor in 92.03 ms, found 3 plugins.
Preloading 0 native plugins for Editor in 0.00 ms.
Mono: successfully reloaded assembly
- Completed reload, in  0.615 seconds
Domain Reload Profiling:
	ReloadAssembly (615ms)
		BeginReloadAssembly (72ms)
			ExecutionOrderSort (0ms)
			DisableScriptedObjects (0ms)
			BackupInstance (0ms)
			ReleaseScriptingObjects (0ms)
			CreateAndSetChildDomain (1ms)
		EndReloadAssembly (419ms)
			LoadAssemblies (69ms)
			RebuildTransferFunctionScriptingTraits (0ms)
			SetupTypeCache (106ms)
			ReleaseScriptCaches (0ms)
			RebuildScriptCaches (24ms)
			SetupLoadedEditorAssemblies (235ms)
				LogAssemblyErrors (0ms)
				InitializePlatformSupportModulesInManaged (6ms)
				SetLoadedEditorAssemblies (0ms)
				RefreshPlugins (92ms)
				BeforeProcessingInitializeOnLoad (1ms)
				ProcessInitializeOnLoadAttributes (99ms)
				ProcessInitializeOnLoadMethodAttributes (36ms)
				AfterProcessingInitializeOnLoad (0ms)
				EditorAssembliesLoaded (0ms)
			ExecutionOrderSort2 (0ms)
			AwakeInstancesAfterBackupRestoration (0ms)
Platform modules already initialized, skipping
Registering precompiled user dll's ...
Registered in 0.005521 seconds.
Begin MonoManager ReloadAssembly
Symbol file LoadedFromMemory doesn't match image C:\Users\ADMIN\Documents\GitHub\Explosion_Implusion\Project_Explosion\Library\PackageCache\com.unity.visualscripting@1.7.8\Editor\VisualScripting.Core\Dependencies\YamlDotNet\Unity.VisualScripting.YamlDotNet.dll
Symbol file LoadedFromMemory doesn't match image C:\Users\ADMIN\Documents\GitHub\Explosion_Implusion\Project_Explosion\Library\PackageCache\com.unity.visualscripting@1.7.8\Editor\VisualScripting.Core\Dependencies\DotNetZip\Unity.VisualScripting.IonicZip.dll
Native extension for WindowsStandalone target not found
Refreshing native plugins compatible for Editor in 1.00 ms, found 3 plugins.
Preloading 0 native plugins for Editor in 0.00 ms.
Mono: successfully reloaded assembly
- Completed reload, in  0.941 seconds
Domain Reload Profiling:
	ReloadAssembly (941ms)
		BeginReloadAssembly (93ms)
			ExecutionOrderSort (0ms)
			DisableScriptedObjects (5ms)
			BackupInstance (0ms)
			ReleaseScriptingObjects (0ms)
			CreateAndSetChildDomain (18ms)
		EndReloadAssembly (750ms)
			LoadAssemblies (77ms)
			RebuildTransferFunctionScriptingTraits (0ms)
			SetupTypeCache (231ms)
			ReleaseScriptCaches (1ms)
			RebuildScriptCaches (47ms)
			SetupLoadedEditorAssemblies (359ms)
				LogAssemblyErrors (0ms)
				InitializePlatformSupportModulesInManaged (5ms)
				SetLoadedEditorAssemblies (0ms)
				RefreshPlugins (1ms)
				BeforeProcessingInitializeOnLoad (91ms)
				ProcessInitializeOnLoadAttributes (220ms)
				ProcessInitializeOnLoadMethodAttributes (35ms)
				AfterProcessingInitializeOnLoad (8ms)
				EditorAssembliesLoaded (0ms)
			ExecutionOrderSort2 (0ms)
			AwakeInstancesAfterBackupRestoration (5ms)
Platform modules already initialized, skipping
========================================================================
Worker process is ready to serve import requests
Launched and connected shader compiler UnityShaderCompiler.exe after 0.04 seconds
Refreshing native plugins compatible for Editor in 0.94 ms, found 3 plugins.
Preloading 0 native plugins for Editor in 0.00 ms.
Unloading 4040 Unused Serialized files (Serialized files now loaded: 0)
Unloading 44 unused Assets / (1.4 MB). Loaded Objects now: 4497.
Memory consumption went from 225.4 MB to 224.0 MB.
Total: 3.512500 ms (FindLiveObjects: 0.378600 ms CreateObjectMapping: 0.367200 ms MarkObjects: 2.384200 ms  DeleteObjects: 0.381600 ms)

AssetImportParameters requested are different than current active one (requested -> active):
  custom:video-decoder-ogg-theora: a1e56fd34408186e4bbccfd4996cb3dc -> 
  custom:container-muxer-webm: aa71ff27fc2769a1b78a27578f13a17b -> 
  custom:container-demuxer-webm: 4f35f7cbe854078d1ac9338744f61a02 -> 
  custom:video-encoder-webm-vp8: eb34c28f22e8b96e1ab97ce403110664 -> 
  custom:audio-encoder-webm-vorbis: bf7c407c2cedff20999df2af8eb42d56 -> 
  custom:framework-win-MediaFoundation: 216162199b28c13a410421893ffa2e32 -> 
  custom:container-demuxer-ogg: 62fdf1f143b41e24485cea50d1cbac27 -> 
  custom:video-decoder-webm-vp8: 9c59270c3fd7afecdb556c50c9e8de78 -> 
  custom:audio-decoder-ogg-vorbis: bf7c407c2cedff20999df2af8eb42d56 -> 
========================================================================
Received Prepare
Registering precompiled user dll's ...
Registered in 0.004840 seconds.
Begin MonoManager ReloadAssembly
Symbol file LoadedFromMemory doesn't match image C:\Users\ADMIN\Documents\GitHub\Explosion_Implusion\Project_Explosion\Library\PackageCache\com.unity.visualscripting@1.7.8\Editor\VisualScripting.Core\Dependencies\YamlDotNet\Unity.VisualScripting.YamlDotNet.dll
Symbol file LoadedFromMemory doesn't match image C:\Users\ADMIN\Documents\GitHub\Explosion_Implusion\Project_Explosion\Library\PackageCache\com.unity.visualscripting@1.7.8\Editor\VisualScripting.Core\Dependencies\DotNetZip\Unity.VisualScripting.IonicZip.dll
Native extension for WindowsStandalone target not found
Refreshing native plugins compatible for Editor in 0.97 ms, found 3 plugins.
Preloading 0 native plugins for Editor in 0.00 ms.
Mono: successfully reloaded assembly
- Completed reload, in  0.892 seconds
Domain Reload Profiling:
	ReloadAssembly (893ms)
		BeginReloadAssembly (117ms)
			ExecutionOrderSort (0ms)
			DisableScriptedObjects (5ms)
			BackupInstance (0ms)
			ReleaseScriptingObjects (0ms)
			CreateAndSetChildDomain (32ms)
		EndReloadAssembly (695ms)
			LoadAssemblies (73ms)
			RebuildTransferFunctionScriptingTraits (0ms)
			SetupTypeCache (234ms)
			ReleaseScriptCaches (2ms)
			RebuildScriptCaches (39ms)
			SetupLoadedEditorAssemblies (304ms)
				LogAssemblyErrors (0ms)
				InitializePlatformSupportModulesInManaged (12ms)
				SetLoadedEditorAssemblies (0ms)
				RefreshPlugins (1ms)
				BeforeProcessingInitializeOnLoad (70ms)
				ProcessInitializeOnLoadAttributes (181ms)
				ProcessInitializeOnLoadMethodAttributes (32ms)
				AfterProcessingInitializeOnLoad (7ms)
				EditorAssembliesLoaded (0ms)
			ExecutionOrderSort2 (0ms)
			AwakeInstancesAfterBackupRestoration (5ms)
Platform modules already initialized, skipping
Refreshing native plugins compatible for Editor in 2.10 ms, found 3 plugins.
Preloading 0 native plugins for Editor in 0.00 ms.
Unloading 3975 Unused Serialized files (Serialized files now loaded: 0)
Unloading 33 unused Assets / (1.3 MB). Loaded Objects now: 4500.
Memory consumption went from 219.3 MB to 218.0 MB.
Total: 3.207900 ms (FindLiveObjects: 0.350400 ms CreateObjectMapping: 0.309300 ms MarkObjects: 2.249100 ms  DeleteObjects: 0.298500 ms)

AssetImportParameters requested are different than current active one (requested -> active):
  custom:video-decoder-ogg-theora: a1e56fd34408186e4bbccfd4996cb3dc -> 
  custom:container-muxer-webm: aa71ff27fc2769a1b78a27578f13a17b -> 
  custom:container-demuxer-webm: 4f35f7cbe854078d1ac9338744f61a02 -> 
  custom:video-encoder-webm-vp8: eb34c28f22e8b96e1ab97ce403110664 -> 
  custom:audio-encoder-webm-vorbis: bf7c407c2cedff20999df2af8eb42d56 -> 
  custom:framework-win-MediaFoundation: 216162199b28c13a410421893ffa2e32 -> 
  custom:container-demuxer-ogg: 62fdf1f143b41e24485cea50d1cbac27 -> 
  custom:video-decoder-webm-vp8: 9c59270c3fd7afecdb556c50c9e8de78 -> 
  custom:audio-decoder-ogg-vorbis: bf7c407c2cedff20999df2af8eb42d56 -> 
========================================================================
Received Import Request.
  Time since last request: 514502.890077 seconds.
  path: Assets/Polygon City/Meshes,textures/props_FBX/Materials/bench 2 texture.mat
  artifactKey: Guid(16b51c3b85c41bd4c9abe08cf48bca5a) Importer(815301076,1909f56bfc062723c751e8b465ee728b)
Start importing Assets/Polygon City/Meshes,textures/props_FBX/Materials/bench 2 texture.mat using Guid(16b51c3b85c41bd4c9abe08cf48bca5a) Importer(815301076,1909f56bfc062723c751e8b465ee728b)  -> (artifact id: '4f5a5bf7d1b0873fbe4c4cd54c10e41e') in 0.122136 seconds 
========================================================================
Received Import Request.
  Time since last request: 0.000029 seconds.
  path: Assets/Polygon City/Meshes,textures/props_FBX/Materials/Bin.mat
  artifactKey: Guid(126785ef1481f9c449f993253050442c) Importer(815301076,1909f56bfc062723c751e8b465ee728b)
Start importing Assets/Polygon City/Meshes,textures/props_FBX/Materials/Bin.mat using Guid(126785ef1481f9c449f993253050442c) Importer(815301076,1909f56bfc062723c751e8b465ee728b)  -> (artifact id: '4e27637d0deb874ab67025b334f217e8') in 0.017175 seconds 
========================================================================
Received Import Request.
  Time since last request: 0.000024 seconds.
  path: Assets/Polygon City/Meshes,textures/props_FBX/Materials/bumb.mat
  artifactKey: Guid(1ccafd7f26be1914ea4dee16096875f2) Importer(815301076,1909f56bfc062723c751e8b465ee728b)
Start importing Assets/Polygon City/Meshes,textures/props_FBX/Materials/bumb.mat using Guid(1ccafd7f26be1914ea4dee16096875f2) Importer(815301076,1909f56bfc062723c751e8b465ee728b)  -> (artifact id: 'dee936079ad3d8bf03325d9cebf793a2') in 0.016052 seconds 
========================================================================
Received Import Request.
  Time since last request: 0.000021 seconds.
  path: Assets/Polygon City/Materials/Material_meshs/Bus stop.mat
  artifactKey: Guid(3f6967137a30c6445826d59009a080d0) Importer(815301076,1909f56bfc062723c751e8b465ee728b)
Start importing Assets/Polygon City/Materials/Material_meshs/Bus stop.mat using Guid(3f6967137a30c6445826d59009a080d0) Importer(815301076,1909f56bfc062723c751e8b465ee728b)  -> (artifact id: '5c88dc7fe9cfaa9760660bf39af60191') in 0.011113 seconds 
========================================================================
Received Import Request.
  Time since last request: 0.000021 seconds.
  path: Assets/Polygon City/Meshes,textures/Buildings_FBX/Materials/Black.mat
  artifactKey: Guid(4f7ccea6dc574aa448cc80ade94bd231) Importer(815301076,1909f56bfc062723c751e8b465ee728b)
Start importing Assets/Polygon City/Meshes,textures/Buildings_FBX/Materials/Black.mat using Guid(4f7ccea6dc574aa448cc80ade94bd231) Importer(815301076,1909f56bfc062723c751e8b465ee728b)  -> (artifact id: '9f4f3763d3a5f9ecc9387dce68485dbf') in 0.012892 seconds 
========================================================================
Received Import Request.
  Time since last request: 0.000022 seconds.
  path: Assets/Polygon City/Materials/Material_meshs/Bus stop texture.mat
  artifactKey: Guid(225547f2cacb8b54f8cd053f8da32e1a) Importer(815301076,1909f56bfc062723c751e8b465ee728b)
Start importing Assets/Polygon City/Materials/Material_meshs/Bus stop texture.mat using Guid(225547f2cacb8b54f8cd053f8da32e1a) Importer(815301076,1909f56bfc062723c751e8b465ee728b)  -> (artifact id: 'b90efac47dd363b608bc099e28f395a4') in 0.012020 seconds 
========================================================================
Received Import Request.
  Time since last request: 0.000029 seconds.
  path: Assets/Polygon City/Materials/Material_meshs/Bus stop pole.mat
  artifactKey: Guid(dda55e9719313344faf5a78abe85264f) Importer(815301076,1909f56bfc062723c751e8b465ee728b)
Start importing Assets/Polygon City/Materials/Material_meshs/Bus stop pole.mat using Guid(dda55e9719313344faf5a78abe85264f) Importer(815301076,1909f56bfc062723c751e8b465ee728b)  -> (artifact id: '61571d6b9febe342bb9a824ac11b2a87') in 0.011337 seconds 
========================================================================
Received Import Request.
  Time since last request: 0.000025 seconds.
  path: Assets/Polygon City/Meshes,textures/props_FBX/Materials/Bench texture.mat
  artifactKey: Guid(a19312ab838fe8f488b69158ea5d2f87) Importer(815301076,1909f56bfc062723c751e8b465ee728b)
Start importing Assets/Polygon City/Meshes,textures/props_FBX/Materials/Bench texture.mat using Guid(a19312ab838fe8f488b69158ea5d2f87) Importer(815301076,1909f56bfc062723c751e8b465ee728b)  -> (artifact id: 'e64d6c231ec289b3a8e1fc21c87f6889') in 0.016244 seconds 
========================================================================
Received Import Request.
  Time since last request: 0.000022 seconds.
  path: Assets/Polygon City/Meshes,textures/Buildings_FBX/Materials/brown.mat
  artifactKey: Guid(0fe9ab5ae0180f4488f304775757f8e7) Importer(815301076,1909f56bfc062723c751e8b465ee728b)
Start importing Assets/Polygon City/Meshes,textures/Buildings_FBX/Materials/brown.mat using Guid(0fe9ab5ae0180f4488f304775757f8e7) Importer(815301076,1909f56bfc062723c751e8b465ee728b)  -> (artifact id: '1bc349ade1cf0ba310ff20fe25f3714c') in 0.015379 seconds 
========================================================================
Received Import Request.
  Time since last request: 0.000024 seconds.
  path: Assets/Polygon City/Materials/Material_meshs/bush.mat
  artifactKey: Guid(a765fa6fea65d0b41b6a72dbc5d23407) Importer(815301076,1909f56bfc062723c751e8b465ee728b)
Start importing Assets/Polygon City/Materials/Material_meshs/bush.mat using Guid(a765fa6fea65d0b41b6a72dbc5d23407) Importer(815301076,1909f56bfc062723c751e8b465ee728b)  -> (artifact id: '0aa3c5fefe3439b36998aa5322dc227a') in 0.015139 seconds 
========================================================================
Received Import Request.
  Time since last request: 0.000017 seconds.
  path: Assets/Polygon City/Meshes,textures/Shops_FBX/Materials/Blue.mat
  artifactKey: Guid(82da9dd8eb8243145b9284b853d232b8) Importer(815301076,1909f56bfc062723c751e8b465ee728b)
Start importing Assets/Polygon City/Meshes,textures/Shops_FBX/Materials/Blue.mat using Guid(82da9dd8eb8243145b9284b853d232b8) Importer(815301076,1909f56bfc062723c751e8b465ee728b)  -> (artifact id: '71fd870949a3b0d6cfe681c6866cd70a') in 0.016369 seconds 
========================================================================
Received Import Request.
  Time since last request: 0.000018 seconds.
  path: Assets/Polygon City/Meshes,textures/Shops_FBX/Materials/Box.mat
  artifactKey: Guid(0fc2caed038ff1d42bf1980427c601b9) Importer(815301076,1909f56bfc062723c751e8b465ee728b)
Start importing Assets/Polygon City/Meshes,textures/Shops_FBX/Materials/Box.mat using Guid(0fc2caed038ff1d42bf1980427c601b9) Importer(815301076,1909f56bfc062723c751e8b465ee728b)  -> (artifact id: '7c73a9a803daa4e844af4c33595aa2b5') in 0.014585 seconds 
========================================================================
Received Import Request.
  Time since last request: 0.000029 seconds.
  path: Assets/Polygon City/Materials/Material_meshs/Bin.mat
  artifactKey: Guid(9bb4d7fbe560c91439bebb486de821e9) Importer(815301076,1909f56bfc062723c751e8b465ee728b)
Start importing Assets/Polygon City/Materials/Material_meshs/Bin.mat using Guid(9bb4d7fbe560c91439bebb486de821e9) Importer(815301076,1909f56bfc062723c751e8b465ee728b)  -> (artifact id: 'da297b8b2f96228383208b2a0de5733e') in 0.020185 seconds 
========================================================================
Received Import Request.
  Time since last request: 1.490717 seconds.
  path: Assets/Polygon City/Meshes,textures/props_FBX/Materials/power pole cable texture.mat
  artifactKey: Guid(b32cc516dcac9a14eb2048caf6ec1af6) Importer(815301076,1909f56bfc062723c751e8b465ee728b)
Start importing Assets/Polygon City/Meshes,textures/props_FBX/Materials/power pole cable texture.mat using Guid(b32cc516dcac9a14eb2048caf6ec1af6) Importer(815301076,1909f56bfc062723c751e8b465ee728b)  -> (artifact id: '51e30d8510e5ae9a80ed5a9ff78d5c73') in 0.017407 seconds 
========================================================================
Received Import Request.
  Time since last request: 0.000021 seconds.
  path: Assets/Polygon City/Materials/Material_meshs/Sideway 2x2m.mat
  artifactKey: Guid(bbfc60a43ae74ad458ee80e12798a23a) Importer(815301076,1909f56bfc062723c751e8b465ee728b)
Start importing Assets/Polygon City/Materials/Material_meshs/Sideway 2x2m.mat using Guid(bbfc60a43ae74ad458ee80e12798a23a) Importer(815301076,1909f56bfc062723c751e8b465ee728b)  -> (artifact id: 'b5fa76a19e5f1cdfd8ab5fa6c014c61a') in 0.017635 seconds 
========================================================================
Received Import Request.
  Time since last request: 0.000034 seconds.
  path: Assets/Polygon City/Meshes,textures/ways_FBX/Materials/SideWalk.006.mat
  artifactKey: Guid(b9967671dc65ce94aa0ae25ec3ccc87c) Importer(815301076,1909f56bfc062723c751e8b465ee728b)
Start importing Assets/Polygon City/Meshes,textures/ways_FBX/Materials/SideWalk.006.mat using Guid(b9967671dc65ce94aa0ae25ec3ccc87c) Importer(815301076,1909f56bfc062723c751e8b465ee728b)  -> (artifact id: '5d6806ba6a4cebaf502717e04609c09e') in 0.016817 seconds 
========================================================================
Received Import Request.
  Time since last request: 0.000022 seconds.
  path: Assets/Polygon City/Meshes,textures/ways_FBX/Materials/SideWalk.002.mat
  artifactKey: Guid(e3b9dcacab1ef4241a426b5145b0614e) Importer(815301076,1909f56bfc062723c751e8b465ee728b)
Start importing Assets/Polygon City/Meshes,textures/ways_FBX/Materials/SideWalk.002.mat using Guid(e3b9dcacab1ef4241a426b5145b0614e) Importer(815301076,1909f56bfc062723c751e8b465ee728b)  -> (artifact id: '6a2498191f8fe2ca8fe90e1bd28e72e8') in 0.016856 seconds 
========================================================================
Received Import Request.
  Time since last request: 0.000036 seconds.
  path: Assets/Office/Materials/white_.mat
  artifactKey: Guid(1e7840a558bad6c45ae001273248b451) Importer(815301076,1909f56bfc062723c751e8b465ee728b)
Start importing Assets/Office/Materials/white_.mat using Guid(1e7840a558bad6c45ae001273248b451) Importer(815301076,1909f56bfc062723c751e8b465ee728b)  -> (artifact id: '39332f712fbbe0a353caeea20217b9fd') in 0.013150 seconds 
========================================================================
Received Import Request.
  Time since last request: 0.000026 seconds.
  path: Assets/Polygon City/Meshes,textures/ways_FBX/Materials/SideWalk.008.mat
  artifactKey: Guid(4fc6211f28fc443459368b71696598bb) Importer(815301076,1909f56bfc062723c751e8b465ee728b)
Start importing Assets/Polygon City/Meshes,textures/ways_FBX/Materials/SideWalk.008.mat using Guid(4fc6211f28fc443459368b71696598bb) Importer(815301076,1909f56bfc062723c751e8b465ee728b)  -> (artifact id: '9afd70a6912dc68b964fc3ef556b3ee7') in 0.017539 seconds 
========================================================================
Received Import Request.
  Time since last request: 0.000035 seconds.
  path: Assets/Polygon City/Meshes,textures/Buildings_FBX/Materials/white.mat
  artifactKey: Guid(0ffdfe26f007c39478c7274248dcea0e) Importer(815301076,1909f56bfc062723c751e8b465ee728b)
Start importing Assets/Polygon City/Meshes,textures/Buildings_FBX/Materials/white.mat using Guid(0ffdfe26f007c39478c7274248dcea0e) Importer(815301076,1909f56bfc062723c751e8b465ee728b)  -> (artifact id: '8b7289d403320e109cced943ce787e57') in 0.018672 seconds 
========================================================================
Received Import Request.
  Time since last request: 0.000020 seconds.
  path: Assets/Polygon City/Meshes,textures/ways_FBX/Materials/Sideway.011.mat
  artifactKey: Guid(c1b67603cd9103a48af1d6fd010ba81f) Importer(815301076,1909f56bfc062723c751e8b465ee728b)
Start importing Assets/Polygon City/Meshes,textures/ways_FBX/Materials/Sideway.011.mat using Guid(c1b67603cd9103a48af1d6fd010ba81f) Importer(815301076,1909f56bfc062723c751e8b465ee728b)  -> (artifact id: '91f00e23d789a0f1d70b30e5f0f928e6') in 0.016055 seconds 
========================================================================
Received Import Request.
  Time since last request: 0.000021 seconds.
  path: Assets/Polygon City/Materials/Material_meshs/water tank 2.mat
  artifactKey: Guid(13f8295c521186343bd82634ad247e2f) Importer(815301076,1909f56bfc062723c751e8b465ee728b)
Start importing Assets/Polygon City/Materials/Material_meshs/water tank 2.mat using Guid(13f8295c521186343bd82634ad247e2f) Importer(815301076,1909f56bfc062723c751e8b465ee728b)  -> (artifact id: 'bbd0405dbd6027d20cdca86adb822996') in 0.012298 seconds 
========================================================================
Received Import Request.
  Time since last request: 0.000025 seconds.
  path: Assets/Polygon City/Meshes,textures/ways_FBX/Materials/Sideway.001.mat
  artifactKey: Guid(25aed3a18f9d95a4783c5752ac6f1217) Importer(815301076,1909f56bfc062723c751e8b465ee728b)
Start importing Assets/Polygon City/Meshes,textures/ways_FBX/Materials/Sideway.001.mat using Guid(25aed3a18f9d95a4783c5752ac6f1217) Importer(815301076,1909f56bfc062723c751e8b465ee728b)  -> (artifact id: '125f4f1ffb19534fa1dd080adc108512') in 0.015443 seconds 
========================================================================
Received Import Request.
  Time since last request: 0.000023 seconds.
  path: Assets/Polygon City/Materials/Material_meshs/Power_poles.mat
  artifactKey: Guid(1d6439e13e326664fbb0ed5e369cc105) Importer(815301076,1909f56bfc062723c751e8b465ee728b)
Start importing Assets/Polygon City/Materials/Material_meshs/Power_poles.mat using Guid(1d6439e13e326664fbb0ed5e369cc105) Importer(815301076,1909f56bfc062723c751e8b465ee728b)  -> (artifact id: '6dda05b9ee6216c88c6561f507b762c3') in 0.013381 seconds 
========================================================================
Received Import Request.
  Time since last request: 0.000026 seconds.
  path: Assets/Polygon City/Meshes,textures/Buildings_FBX/Materials/Wall_02.mat
  artifactKey: Guid(a7512d4ec529ee147b8eb36a36649912) Importer(815301076,1909f56bfc062723c751e8b465ee728b)
Start importing Assets/Polygon City/Meshes,textures/Buildings_FBX/Materials/Wall_02.mat using Guid(a7512d4ec529ee147b8eb36a36649912) Importer(815301076,1909f56bfc062723c751e8b465ee728b)  -> (artifact id: '65235b973c6eb7c16e60223ebc0afbfd') in 0.016230 seconds 
========================================================================
Received Import Request.
  Time since last request: 0.000028 seconds.
  path: Assets/Polygon City/Meshes,textures/Buildings_FBX/Materials/WhiteWood.mat
  artifactKey: Guid(5f273051f61813b4ab4a858d0cc95614) Importer(815301076,1909f56bfc062723c751e8b465ee728b)
Start importing Assets/Polygon City/Meshes,textures/Buildings_FBX/Materials/WhiteWood.mat using Guid(5f273051f61813b4ab4a858d0cc95614) Importer(815301076,1909f56bfc062723c751e8b465ee728b)  -> (artifact id: 'bc5a510ba8ee37ccc00bf5ef7cedca54') in 0.016066 seconds 
========================================================================
Received Import Request.
  Time since last request: 0.000020 seconds.
  path: Assets/Polygon City/Meshes,textures/ways_FBX/Materials/Sideway.003.mat
  artifactKey: Guid(ba45161c1c3c5744eaeed4955bf3f28b) Importer(815301076,1909f56bfc062723c751e8b465ee728b)
Start importing Assets/Polygon City/Meshes,textures/ways_FBX/Materials/Sideway.003.mat using Guid(ba45161c1c3c5744eaeed4955bf3f28b) Importer(815301076,1909f56bfc062723c751e8b465ee728b)  -> (artifact id: '0c6c8b1ddc00b2c726c36f6ade241304') in 0.017470 seconds 
========================================================================
Received Import Request.
  Time since last request: 0.000021 seconds.
  path: Assets/Polygon City/Meshes,textures/Shops_FBX/Materials/Sideway.mat
  artifactKey: Guid(df19b937f98aeac419678e52791119d2) Importer(815301076,1909f56bfc062723c751e8b465ee728b)
Start importing Assets/Polygon City/Meshes,textures/Shops_FBX/Materials/Sideway.mat using Guid(df19b937f98aeac419678e52791119d2) Importer(815301076,1909f56bfc062723c751e8b465ee728b)  -> (artifact id: '2ac910c78d86e0c32b860c451882199e') in 0.012129 seconds 
========================================================================
Received Import Request.
  Time since last request: 0.000018 seconds.
  path: Assets/Polygon City/Meshes,textures/ways_FBX/Materials/Sideway.mat
  artifactKey: Guid(d8801b161907a0c419f1fee6db107147) Importer(815301076,1909f56bfc062723c751e8b465ee728b)
Start importing Assets/Polygon City/Meshes,textures/ways_FBX/Materials/Sideway.mat using Guid(d8801b161907a0c419f1fee6db107147) Importer(815301076,1909f56bfc062723c751e8b465ee728b)  -> (artifact id: '016db0442ca09ea99aaf9c872d38c2db') in 0.008413 seconds 
========================================================================
Received Import Request.
  Time since last request: 0.000026 seconds.
  path: Assets/Polygon City/Meshes,textures/Shops_FBX/Materials/Window.mat
  artifactKey: Guid(7b4fea7238a26184cb69155caef2cc84) Importer(815301076,1909f56bfc062723c751e8b465ee728b)
Start importing Assets/Polygon City/Meshes,textures/Shops_FBX/Materials/Window.mat using Guid(7b4fea7238a26184cb69155caef2cc84) Importer(815301076,1909f56bfc062723c751e8b465ee728b)  -> (artifact id: '66c9d1ac52121e3e1317a3ae6434c4fb') in 0.016114 seconds 
========================================================================
Received Import Request.
  Time since last request: 0.000025 seconds.
  path: Assets/Polygon City/Meshes,textures/ways_FBX/Materials/SideWalk.009.mat
  artifactKey: Guid(72b537efdeef38e46b6fbe56b36e3676) Importer(815301076,1909f56bfc062723c751e8b465ee728b)
Start importing Assets/Polygon City/Meshes,textures/ways_FBX/Materials/SideWalk.009.mat using Guid(72b537efdeef38e46b6fbe56b36e3676) Importer(815301076,1909f56bfc062723c751e8b465ee728b)  -> (artifact id: 'c49b3fef663caf31525db627d6686c1f') in 0.014994 seconds 
========================================================================
Received Import Request.
  Time since last request: 0.000020 seconds.
  path: Assets/Polygon City/Meshes,textures/ways_FBX/Materials/Sideway.005.mat
  artifactKey: Guid(3a4b24cb5a8fd8f449ccd4881ee0a6e2) Importer(815301076,1909f56bfc062723c751e8b465ee728b)
Start importing Assets/Polygon City/Meshes,textures/ways_FBX/Materials/Sideway.005.mat using Guid(3a4b24cb5a8fd8f449ccd4881ee0a6e2) Importer(815301076,1909f56bfc062723c751e8b465ee728b)  -> (artifact id: '120f669b591ebfb021d4ad7819f0e1ac') in 0.014297 seconds 
========================================================================
Received Import Request.
  Time since last request: 0.000018 seconds.
  path: Assets/Polygon City/Meshes,textures/ways_FBX/Materials/Sideway.006.mat
  artifactKey: Guid(b189a2b6cbbdd284b92ba18fae38a10f) Importer(815301076,1909f56bfc062723c751e8b465ee728b)
Start importing Assets/Polygon City/Meshes,textures/ways_FBX/Materials/Sideway.006.mat using Guid(b189a2b6cbbdd284b92ba18fae38a10f) Importer(815301076,1909f56bfc062723c751e8b465ee728b)  -> (artifact id: '58083ddef606fdfd46f29af8ce711020') in 0.015287 seconds 
========================================================================
Received Import Request.
  Time since last request: 0.000019 seconds.
  path: Assets/Polygon City/Meshes,textures/ways_FBX/Materials/SideWalk.010.mat
  artifactKey: Guid(f1362e56c179d2f45bc64be15c5684d4) Importer(815301076,1909f56bfc062723c751e8b465ee728b)
Start importing Assets/Polygon City/Meshes,textures/ways_FBX/Materials/SideWalk.010.mat using Guid(f1362e56c179d2f45bc64be15c5684d4) Importer(815301076,1909f56bfc062723c751e8b465ee728b)  -> (artifact id: 'a5e5f25207fefcbe6ee70b5b222f4fdc') in 0.015557 seconds 
========================================================================
Received Import Request.
  Time since last request: 0.000017 seconds.
  path: Assets/Polygon City/Meshes,textures/ways_FBX/Materials/SideWalk.001.mat
  artifactKey: Guid(81f620ffc698d5f42a8031a1f80d628b) Importer(815301076,1909f56bfc062723c751e8b465ee728b)
Start importing Assets/Polygon City/Meshes,textures/ways_FBX/Materials/SideWalk.001.mat using Guid(81f620ffc698d5f42a8031a1f80d628b) Importer(815301076,1909f56bfc062723c751e8b465ee728b)  -> (artifact id: 'ab2c29b388da6230e5f677842059010e') in 0.015556 seconds 
========================================================================
Received Import Request.
  Time since last request: 9.718167 seconds.
  path: Assets/Polygon City/Materials/Colors_buildings/K10.mat
  artifactKey: Guid(bdcbb625d2db6d344907f63d3439281d) Importer(815301076,1909f56bfc062723c751e8b465ee728b)
Start importing Assets/Polygon City/Materials/Colors_buildings/K10.mat using Guid(bdcbb625d2db6d344907f63d3439281d) Importer(815301076,1909f56bfc062723c751e8b465ee728b)  -> (artifact id: '738e42d84bd7cec04673796a97c535e6') in 0.012881 seconds 
========================================================================
Received Import Request.
  Time since last request: 0.000025 seconds.
  path: Assets/Polygon City/Meshes,textures/props_FBX/Materials/leafes.mat
  artifactKey: Guid(144d0d90c4ed5154b83f6fcbd40b4bbb) Importer(815301076,1909f56bfc062723c751e8b465ee728b)
Start importing Assets/Polygon City/Meshes,textures/props_FBX/Materials/leafes.mat using Guid(144d0d90c4ed5154b83f6fcbd40b4bbb) Importer(815301076,1909f56bfc062723c751e8b465ee728b)  -> (artifact id: '21f5db9bd7382e6b1763c78ac3b48176') in 0.015944 seconds 
========================================================================
Received Import Request.
  Time since last request: 0.000027 seconds.
  path: Assets/City/Models/Buildings/Materials/lambert1.mat
  artifactKey: Guid(d09b485b81c6a014c81b8ea275d46ca7) Importer(815301076,1909f56bfc062723c751e8b465ee728b)
Start importing Assets/City/Models/Buildings/Materials/lambert1.mat using Guid(d09b485b81c6a014c81b8ea275d46ca7) Importer(815301076,1909f56bfc062723c751e8b465ee728b)  -> (artifact id: 'c5080a7b828edec8a557930f7ee493d6') in 0.016525 seconds 
========================================================================
Received Import Request.
  Time since last request: 0.000038 seconds.
  path: Assets/Polygon City/Meshes,textures/props_FBX/Materials/Leaf.mat
  artifactKey: Guid(53c6ce3243519064ea800665d1a8d8ad) Importer(815301076,1909f56bfc062723c751e8b465ee728b)
Start importing Assets/Polygon City/Meshes,textures/props_FBX/Materials/Leaf.mat using Guid(53c6ce3243519064ea800665d1a8d8ad) Importer(815301076,1909f56bfc062723c751e8b465ee728b)  -> (artifact id: '1e8a856a890b2f5b78066dbca1ca0232') in 0.018135 seconds 
========================================================================
Received Prepare
Registering precompiled user dll's ...
Registered in 0.004855 seconds.
Begin MonoManager ReloadAssembly
Symbol file LoadedFromMemory doesn't match image C:\Users\ADMIN\Documents\GitHub\Explosion_Implusion\Project_Explosion\Library\PackageCache\com.unity.visualscripting@1.7.8\Editor\VisualScripting.Core\Dependencies\YamlDotNet\Unity.VisualScripting.YamlDotNet.dll
Symbol file LoadedFromMemory doesn't match image C:\Users\ADMIN\Documents\GitHub\Explosion_Implusion\Project_Explosion\Library\PackageCache\com.unity.visualscripting@1.7.8\Editor\VisualScripting.Core\Dependencies\DotNetZip\Unity.VisualScripting.IonicZip.dll
Native extension for WindowsStandalone target not found
Refreshing native plugins compatible for Editor in 0.82 ms, found 3 plugins.
Preloading 0 native plugins for Editor in 0.00 ms.
Mono: successfully reloaded assembly
- Completed reload, in  0.969 seconds
Domain Reload Profiling:
	ReloadAssembly (970ms)
		BeginReloadAssembly (147ms)
			ExecutionOrderSort (0ms)
			DisableScriptedObjects (6ms)
			BackupInstance (0ms)
			ReleaseScriptingObjects (0ms)
			CreateAndSetChildDomain (50ms)
		EndReloadAssembly (728ms)
			LoadAssemblies (89ms)
			RebuildTransferFunctionScriptingTraits (0ms)
			SetupTypeCache (278ms)
			ReleaseScriptCaches (2ms)
			RebuildScriptCaches (39ms)
			SetupLoadedEditorAssemblies (290ms)
				LogAssemblyErrors (0ms)
				InitializePlatformSupportModulesInManaged (11ms)
				SetLoadedEditorAssemblies (0ms)
				RefreshPlugins (1ms)
				BeforeProcessingInitializeOnLoad (66ms)
				ProcessInitializeOnLoadAttributes (180ms)
				ProcessInitializeOnLoadMethodAttributes (26ms)
				AfterProcessingInitializeOnLoad (7ms)
				EditorAssembliesLoaded (0ms)
			ExecutionOrderSort2 (0ms)
			AwakeInstancesAfterBackupRestoration (7ms)
Platform modules already initialized, skipping
Refreshing native plugins compatible for Editor in 1.98 ms, found 3 plugins.
Preloading 0 native plugins for Editor in 0.00 ms.
Unloading 3976 Unused Serialized files (Serialized files now loaded: 0)
Unloading 33 unused Assets / (1.3 MB). Loaded Objects now: 4543.
Memory consumption went from 224.0 MB to 222.6 MB.
Total: 3.091100 ms (FindLiveObjects: 0.310900 ms CreateObjectMapping: 0.232300 ms MarkObjects: 2.228100 ms  DeleteObjects: 0.319100 ms)

AssetImportParameters requested are different than current active one (requested -> active):
  custom:video-decoder-ogg-theora: a1e56fd34408186e4bbccfd4996cb3dc -> 
  custom:container-muxer-webm: aa71ff27fc2769a1b78a27578f13a17b -> 
  custom:container-demuxer-webm: 4f35f7cbe854078d1ac9338744f61a02 -> 
  custom:video-encoder-webm-vp8: eb34c28f22e8b96e1ab97ce403110664 -> 
  custom:audio-encoder-webm-vorbis: bf7c407c2cedff20999df2af8eb42d56 -> 
  custom:framework-win-MediaFoundation: 216162199b28c13a410421893ffa2e32 -> 
  custom:container-demuxer-ogg: 62fdf1f143b41e24485cea50d1cbac27 -> 
  custom:video-decoder-webm-vp8: 9c59270c3fd7afecdb556c50c9e8de78 -> 
  custom:audio-decoder-ogg-vorbis: bf7c407c2cedff20999df2af8eb42d56 -> 
Editor requested this worker to shutdown with reason: Scaling down because of idle timeout
AssetImportWorker is now disconnected from the server
Process exiting
Exiting without the bug reporter. Application will terminate with return code 0